<?xml version="1.0" encoding="UTF-8"?>
<testng-results ignored="0" total="2" passed="2" failed="0" skipped="0">
  <reporter-output>
  </reporter-output>
  <suite started-at="2020-10-25T16:54:09Z" name="Default suite" finished-at="2020-10-25T16:54:37Z" duration-ms="27465">
    <groups>
    </groups>
    <test started-at="2020-10-25T16:54:09Z" name="Default test" finished-at="2020-10-25T16:54:37Z" duration-ms="27465">
      <class name="com.amazon.testcases.LoginPageTest">
        <test-method is-config="true" signature="setUp()[pri:0, instance:com.amazon.testcases.LoginPageTest@6c1a5b54]" started-at="2020-10-25T09:54:09Z" name="setUp" finished-at="2020-10-25T09:54:27Z" duration-ms="18009" status="PASS">
          <reporter-output>
          </reporter-output>
        </test-method> <!-- setUp -->
        <test-method signature="verifyAmazonLogo()[pri:1, instance:com.amazon.testcases.LoginPageTest@6c1a5b54]" started-at="2020-10-25T09:54:27Z" name="verifyAmazonLogo" finished-at="2020-10-25T09:54:28Z" duration-ms="680" status="PASS">
          <reporter-output>
          </reporter-output>
        </test-method> <!-- verifyAmazonLogo -->
        <test-method signature="loginTest()[pri:2, instance:com.amazon.testcases.LoginPageTest@6c1a5b54]" started-at="2020-10-25T09:54:28Z" name="loginTest" finished-at="2020-10-25T09:54:36Z" duration-ms="7649" status="PASS">
          <reporter-output>
          </reporter-output>
        </test-method> <!-- loginTest -->
        <test-method is-config="true" signature="tearDown()[pri:0, instance:com.amazon.testcases.LoginPageTest@6c1a5b54]" started-at="2020-10-25T09:54:36Z" name="tearDown" finished-at="2020-10-25T09:54:37Z" duration-ms="1019" status="PASS">
          <reporter-output>
          </reporter-output>
        </test-method> <!-- tearDown -->
      </class> <!-- com.amazon.testcases.LoginPageTest -->
    </test> <!-- Default test -->
  </suite> <!-- Default suite -->
</testng-results>
